\BOOKMARK [1][-]{section.0.1}{\376\377\000A\000b\000k\000\374\000r\000z\000u\000n\000g\000s\000v\000e\000r\000z\000e\000i\000c\000h\000n\000i\000s}{}% 1
\BOOKMARK [0][-]{chapter.1}{\376\377\000E\000i\000n\000l\000e\000i\000t\000u\000n\000g}{}% 2
\BOOKMARK [0][-]{chapter.2}{\376\377\000L\000i\000t\000e\000r\000a\000t\000u\000r\000\374\000b\000e\000r\000b\000l\000i\000c\000k}{}% 3
\BOOKMARK [1][-]{section.2.1}{\376\377\000E\000r\000f\000o\000r\000s\000c\000h\000u\000n\000g\000\040\000d\000e\000s\000\040\000R\000a\000d\000v\000e\000r\000k\000e\000h\000r\000s}{chapter.2}% 4
\BOOKMARK [1][-]{section.2.2}{\376\377\000F\000a\000k\000t\000o\000r\000e\000n\000\040\000d\000e\000s\000\040\000R\000a\000d\000v\000e\000r\000k\000e\000h\000r\000s}{chapter.2}% 5
\BOOKMARK [1][-]{section.2.3}{\376\377\000F\000o\000r\000s\000c\000h\000u\000n\000g\000s\000l\000\374\000c\000k\000e\000n\000\040\000u\000n\000d\000\040\000A\000n\000k\000n\000\374\000p\000f\000u\000n\000g\000s\000p\000u\000n\000k\000t\000e}{chapter.2}% 6
\BOOKMARK [0][-]{chapter.3}{\376\377\000Z\000u\000s\000a\000m\000m\000e\000n\000s\000e\000t\000z\000u\000n\000g\000\040\000d\000e\000s\000\040\000D\000a\000t\000e\000n\000s\000a\000t\000z}{}% 7
\BOOKMARK [1][-]{section.3.1}{\376\377\000F\000a\000h\000r\000r\000a\000d\000z\000\344\000h\000l\000e\000r}{chapter.3}% 8
\BOOKMARK [1][-]{section.3.2}{\376\377\000W\000e\000t\000t\000e\000r\000d\000a\000t\000e\000n}{chapter.3}% 9
\BOOKMARK [1][-]{section.3.3}{\376\377\000D\000e\000m\000o\000g\000r\000a\000p\000h\000i\000s\000c\000h\000e\000\040\000u\000n\000d\000\040\000s\000o\000z\000i\000a\000l\000e\000\040\000S\000t\000a\000t\000i\000s\000t\000i\000k\000e\000n}{chapter.3}% 10
\BOOKMARK [1][-]{section.3.4}{\376\377\000C\000o\000r\000o\000n\000a\000\040\000D\000a\000t\000e\000n}{chapter.3}% 11
\BOOKMARK [1][-]{section.3.5}{\376\377\000O\000p\000e\000n\000\040\000S\000t\000r\000e\000e\000t\000\040\000M\000a\000p\000\040\000D\000a\000t\000e\000n}{chapter.3}% 12
\BOOKMARK [0][-]{chapter.4}{\376\377\000V\000e\000r\000w\000e\000n\000d\000e\000t\000e\000\040\000M\000e\000t\000h\000o\000d\000e\000n}{}% 13
\BOOKMARK [1][-]{section.4.1}{\376\377\000P\000r\000o\000b\000l\000e\000m\000\040\000z\000u\000r\000\040\000A\000u\000t\000o\000k\000o\000r\000r\000e\000l\000a\000t\000i\000o\000n}{chapter.4}% 14
\BOOKMARK [1][-]{section.4.2}{\376\377\000O\000L\000S\000\040\000R\000e\000g\000r\000e\000s\000s\000i\000o\000n}{chapter.4}% 15
\BOOKMARK [1][-]{section.4.3}{\376\377\000S\000u\000p\000p\000o\000r\000t\000\040\000V\000e\000c\000t\000o\000r\000\040\000R\000e\000g\000r\000e\000s\000s\000i\000o\000n}{chapter.4}% 16
\BOOKMARK [1][-]{section.4.4}{\376\377\000R\000a\000n\000d\000o\000m\000\040\000F\000o\000r\000e\000s\000t\000s\000\040\000R\000e\000g\000r\000e\000s\000s\000i\000o\000n}{chapter.4}% 17
\BOOKMARK [1][-]{section.4.5}{\376\377\000N\000e\000u\000r\000o\000n\000a\000l\000e\000\040\000N\000e\000t\000z\000e}{chapter.4}% 18
\BOOKMARK [1][-]{section.4.6}{\376\377\000V\000a\000l\000i\000d\000a\000t\000i\000o\000n}{chapter.4}% 19
\BOOKMARK [0][-]{chapter.5}{\376\377\000E\000r\000g\000e\000b\000n\000i\000s\000s\000e}{}% 20
\BOOKMARK [1][-]{section.5.1}{\376\377\000O\000L\000S\000\040\000R\000e\000g\000r\000e\000s\000s\000i\000o\000n}{chapter.5}% 21
\BOOKMARK [1][-]{section.5.2}{\376\377\000S\000u\000p\000p\000o\000r\000t\000\040\000V\000e\000c\000t\000o\000r\000\040\000R\000e\000g\000r\000e\000s\000s\000i\000o\000n}{chapter.5}% 22
\BOOKMARK [1][-]{section.5.3}{\376\377\000R\000a\000n\000d\000o\000m\000\040\000F\000o\000r\000e\000s\000t\000\040\000R\000e\000g\000r\000e\000s\000s\000i\000o\000n}{chapter.5}% 23
\BOOKMARK [1][-]{section.5.4}{\376\377\000N\000e\000u\000r\000o\000n\000a\000l\000e\000s\000\040\000N\000e\000t\000z}{chapter.5}% 24
\BOOKMARK [1][-]{section.5.5}{\376\377\000M\000o\000d\000e\000l\000\040\000P\000r\000o\000j\000e\000k\000t\000i\000o\000n}{chapter.5}% 25
\BOOKMARK [1][-]{section.5.6}{\376\377\000R\000\344\000u\000m\000l\000i\000c\000h\000e\000\040\000K\000o\000r\000r\000e\000l\000a\000t\000i\000o\000n\000\040\000z\000u\000\040\000V\000e\000r\000k\000e\000h\000r\000s\000u\000n\000f\000\344\000l\000l\000e\000n}{chapter.5}% 26
\BOOKMARK [0][-]{chapter.6}{\376\377\000D\000i\000s\000k\000u\000s\000s\000i\000o\000n}{}% 27
\BOOKMARK [1][-]{section.6.1}{\376\377\000F\000a\000z\000i\000t}{chapter.6}% 28
\BOOKMARK [0][-]{chapter.7}{\376\377\000A\000n\000h\000a\000n\000g}{}% 29
\BOOKMARK [0][-]{figure.caption.55}{\376\377\000L\000i\000t\000e\000r\000a\000t\000u\000r\000v\000e\000r\000z\000e\000i\000c\000h\000n\000i\000s}{}% 30
